[ 2017-05-10T22:07:17+08:00 ] ::1 /carshop/
INFO: [ app_init ] --START--
INFO: Run Behavior\BuildLiteBehavior [ RunTime:0.000000s ]
INFO: [ app_init ] --END-- [ RunTime:0.003000s ]
INFO: [ app_begin ] --START--
INFO: Run Behavior\ReadHtmlCacheBehavior [ RunTime:0.002000s ]
INFO: [ app_begin ] --END-- [ RunTime:0.003000s ]
NOTIC: [8] Undefined variable: pres H:\php\htdocs\carshop\Application\Home\Controller\CommonController.class.php 第 19 行.
SQL: SHOW COLUMNS FROM `cs_cate` [ RunTime:0.1910s ]
SQL: SELECT `id`,`name`,`type` FROM `cs_cate` WHERE `parentid` = 0 AND `pc` = 1 ORDER BY sort asc  [ RunTime:0.0360s ]
SQL: SHOW COLUMNS FROM `cs_link` [ RunTime:0.0140s ]
SQL: SELECT `title`,`url` FROM `cs_link`  [ RunTime:0.0010s ]
SQL: SHOW COLUMNS FROM `cs_article` [ RunTime:0.0240s ]
SQL: SELECT `id`,`title`,`pic`,`rizu` FROM `cs_article` WHERE ( cateid=70 ) ORDER BY id desc LIMIT 3   [ RunTime:0.0010s ]
SQL: SELECT `id`,`title`,`pic`,`rizu` FROM `cs_article` WHERE ( cateid=68 ) ORDER BY id desc  [ RunTime:0.0010s ]
SQL: SELECT `id`,`title`,`time` FROM `cs_article` WHERE ( cateid=69 ) ORDER BY id desc LIMIT 3   [ RunTime:0.0000s ]
INFO: [ view_parse ] --START--
INFO: [ template_filter ] --START--
INFO: Run Behavior\ContentReplaceBehavior [ RunTime:0.000000s ]
INFO: [ template_filter ] --END-- [ RunTime:0.000000s ]
INFO: Run Behavior\ParseTemplateBehavior [ RunTime:0.148008s ]
INFO: [ view_parse ] --END-- [ RunTime:0.148008s ]
INFO: [ view_filter ] --START--
INFO: Run Behavior\WriteHtmlCacheBehavior [ RunTime:0.013001s ]
INFO: [ view_filter ] --END-- [ RunTime:0.013001s ]
INFO: [ app_end ] --START--
INFO: Run Behavior\ShowPageTraceBehavior [ RunTime:0.017001s ]
INFO: [ app_end ] --END-- [ RunTime:0.017001s ]

[ 2017-05-10T22:07:30+08:00 ] ::1 /carshop/index.php/Home/Page/index/cateid/67
INFO: [ app_init ] --START--
INFO: Run Behavior\BuildLiteBehavior [ RunTime:0.000000s ]
INFO: [ app_init ] --END-- [ RunTime:0.001000s ]
INFO: [ app_begin ] --START--
INFO: Run Behavior\ReadHtmlCacheBehavior [ RunTime:0.002001s ]
INFO: [ app_begin ] --END-- [ RunTime:0.003001s ]
SQL: SHOW COLUMNS FROM `cs_cate` [ RunTime:0.0200s ]
SQL: SELECT * FROM `cs_cate` WHERE `id` = 67 LIMIT 1   [ RunTime:0.0070s ]
SQL: SELECT * FROM `cs_cate` WHERE `id` = 67 LIMIT 1   [ RunTime:0.0000s ]
SQL: SELECT * FROM `cs_cate` WHERE `id` = 67 LIMIT 1   [ RunTime:0.0010s ]
SQL: SELECT * FROM `cs_cate` WHERE ( parentid=67 )  [ RunTime:0.0010s ]
SQL: SELECT * FROM `cs_cate` WHERE ( id=68 ) LIMIT 1   [ RunTime:0.0000s ]
SQL: SELECT * FROM `cs_cate` WHERE ( parentid=68 )  [ RunTime:0.0000s ]
SQL: SELECT `id`,`name`,`type` FROM `cs_cate` WHERE `parentid` = 0 AND `pc` = 1 ORDER BY sort asc  [ RunTime:0.0000s ]
SQL: SHOW COLUMNS FROM `cs_link` [ RunTime:0.0140s ]
SQL: SELECT `title`,`url` FROM `cs_link`  [ RunTime:0.0000s ]
SQL: SELECT * FROM `cs_cate` WHERE `id` = 67 LIMIT 1   [ RunTime:0.0010s ]
INFO: [ view_parse ] --START--
INFO: [ template_filter ] --START--
INFO: Run Behavior\ContentReplaceBehavior [ RunTime:0.000000s ]
INFO: [ template_filter ] --END-- [ RunTime:0.000000s ]
NOTIC: [8] Undefined variable: son3pid H:\php\htdocs\carshop\Application\Runtime\Cache\Home\68bce0ec7afdf8798ef65138f610dc8c.php 第 151 行.
NOTIC: [8] Undefined variable: son3pid H:\php\htdocs\carshop\Application\Runtime\Cache\Home\68bce0ec7afdf8798ef65138f610dc8c.php 第 151 行.
NOTIC: [8] Undefined variable: son3pid H:\php\htdocs\carshop\Application\Runtime\Cache\Home\68bce0ec7afdf8798ef65138f610dc8c.php 第 151 行.
NOTIC: [8] Undefined variable: son3pid H:\php\htdocs\carshop\Application\Runtime\Cache\Home\68bce0ec7afdf8798ef65138f610dc8c.php 第 151 行.
INFO: Run Behavior\ParseTemplateBehavior [ RunTime:0.070004s ]
INFO: [ view_parse ] --END-- [ RunTime:0.070004s ]
INFO: [ view_filter ] --START--
INFO: Run Behavior\WriteHtmlCacheBehavior [ RunTime:0.002000s ]
INFO: [ view_filter ] --END-- [ RunTime:0.002000s ]
INFO: [ app_end ] --START--
INFO: Run Behavior\ShowPageTraceBehavior [ RunTime:0.002000s ]
INFO: [ app_end ] --END-- [ RunTime:0.002000s ]

